# JRE version: OpenJDK Runtime Environment (15.0.2+7) (build 15.0.2+7-27)
# Java VM: OpenJDK 64-Bit Server VM (15.0.2+7-27, mixed mode, tiered, compressed oops, g1 gc, windows-amd64)
GC Precious Log:
 CPUs: 12 total, 12 available
 Memory: 16307M
 Large Page Support: Disabled
 NUMA Support: Disabled
 Compressed Oops: Enabled (Zero based)
 Heap Region Size: 2M
 Heap Min Capacity: 8M
 Heap Initial Capacity: 256M
 Heap Max Capacity: 4078M
 Pre-touch: Disabled
 Parallel Workers: 10
 Concurrent Workers: 3
 Concurrent Refinement Workers: 10
 Periodic GC: Disabled
Heap:
 garbage-first heap   total 262144K, used 78931K [0x0000000701200000, 0x0000000800000000)
  region size 2048K, 28 young (57344K), 1 survivors (2048K)
 Metaspace       used 17073K, capacity 17213K, committed 17280K, reserved 1064960K
  class space    used 1582K, capacity 1638K, committed 1664K, reserved 1048576K
GC Heap History (20 events):
Event: 48.202 GC heap before
{Heap before GC invocations=7 (full 0):
 garbage-first heap   total 262144K, used 177034K [0x0000000701200000, 0x0000000800000000)
  region size 2048K, 76 young (155648K), 2 survivors (4096K)
 Metaspace       used 16972K, capacity 17085K, committed 17280K, reserved 1064960K
  class space    used 1580K, capacity 1638K, committed 1664K, reserved 1048576K
}
Event: 48.204 GC heap after
{Heap after GC invocations=8 (full 0):
 garbage-first heap   total 262144K, used 25541K [0x0000000701200000, 0x0000000800000000)
  region size 2048K, 2 young (4096K), 2 survivors (4096K)
 Metaspace       used 16972K, capacity 17085K, committed 17280K, reserved 1064960K
  class space    used 1580K, capacity 1638K, committed 1664K, reserved 1048576K
}
Event: 55.228 GC heap before
{Heap before GC invocations=8 (full 0):
 garbage-first heap   total 262144K, used 177093K [0x0000000701200000, 0x0000000800000000)
  region size 2048K, 76 young (155648K), 2 survivors (4096K)
 Metaspace       used 16972K, capacity 17085K, committed 17280K, reserved 1064960K
  class space    used 1580K, capacity 1638K, committed 1664K, reserved 1048576K
}
Event: 55.230 GC heap after
{Heap after GC invocations=9 (full 0):
 garbage-first heap   total 262144K, used 25552K [0x0000000701200000, 0x0000000800000000)
  region size 2048K, 2 young (4096K), 2 survivors (4096K)
 Metaspace       used 16972K, capacity 17085K, committed 17280K, reserved 1064960K
  class space    used 1580K, capacity 1638K, committed 1664K, reserved 1048576K
}
Event: 62.356 GC heap before
{Heap before GC invocations=9 (full 0):
 garbage-first heap   total 262144K, used 177104K [0x0000000701200000, 0x0000000800000000)
  region size 2048K, 76 young (155648K), 2 survivors (4096K)
 Metaspace       used 16972K, capacity 17085K, committed 17280K, reserved 1064960K
  class space    used 1580K, capacity 1638K, committed 1664K, reserved 1048576K
}
Event: 62.358 GC heap after
{Heap after GC invocations=10 (full 0):
 garbage-first heap   total 262144K, used 25464K [0x0000000701200000, 0x0000000800000000)
  region size 2048K, 2 young (4096K), 2 survivors (4096K)
 Metaspace       used 16972K, capacity 17085K, committed 17280K, reserved 1064960K
  class space    used 1580K, capacity 1638K, committed 1664K, reserved 1048576K
}
Event: 69.403 GC heap before
{Heap before GC invocations=10 (full 0):
 garbage-first heap   total 262144K, used 177016K [0x0000000701200000, 0x0000000800000000)
  region size 2048K, 76 young (155648K), 2 survivors (4096K)
 Metaspace       used 16972K, capacity 17085K, committed 17280K, reserved 1064960K
  class space    used 1580K, capacity 1638K, committed 1664K, reserved 1048576K
}
Event: 69.405 GC heap after
{Heap after GC invocations=11 (full 0):
 garbage-first heap   total 262144K, used 25311K [0x0000000701200000, 0x0000000800000000)
  region size 2048K, 2 young (4096K), 2 survivors (4096K)
 Metaspace       used 16972K, capacity 17085K, committed 17280K, reserved 1064960K
  class space    used 1580K, capacity 1638K, committed 1664K, reserved 1048576K
}
Event: 76.741 GC heap before
{Heap before GC invocations=11 (full 0):
 garbage-first heap   total 262144K, used 176863K [0x0000000701200000, 0x0000000800000000)
  region size 2048K, 76 young (155648K), 2 survivors (4096K)
 Metaspace       used 16972K, capacity 17085K, committed 17280K, reserved 1064960K
  class space    used 1580K, capacity 1638K, committed 1664K, reserved 1048576K
}
Event: 76.743 GC heap after
{Heap after GC invocations=12 (full 0):
 garbage-first heap   total 262144K, used 25549K [0x0000000701200000, 0x0000000800000000)
  region size 2048K, 2 young (4096K), 2 survivors (4096K)
 Metaspace       used 16972K, capacity 17085K, committed 17280K, reserved 1064960K
  class space    used 1580K, capacity 1638K, committed 1664K, reserved 1048576K
}
Event: 83.808 GC heap before
{Heap before GC invocations=12 (full 0):
 garbage-first heap   total 262144K, used 177101K [0x0000000701200000, 0x0000000800000000)
  region size 2048K, 76 young (155648K), 2 survivors (4096K)
 Metaspace       used 16972K, capacity 17085K, committed 17280K, reserved 1064960K
  class space    used 1580K, capacity 1638K, committed 1664K, reserved 1048576K
}
Event: 83.810 GC heap after
{Heap after GC invocations=13 (full 0):
 garbage-first heap   total 262144K, used 25379K [0x0000000701200000, 0x0000000800000000)
  region size 2048K, 2 young (4096K), 2 survivors (4096K)
 Metaspace       used 16972K, capacity 17085K, committed 17280K, reserved 1064960K
  class space    used 1580K, capacity 1638K, committed 1664K, reserved 1048576K
}
Event: 90.947 GC heap before
{Heap before GC invocations=13 (full 0):
 garbage-first heap   total 262144K, used 176931K [0x0000000701200000, 0x0000000800000000)
  region size 2048K, 76 young (155648K), 2 survivors (4096K)
 Metaspace       used 16973K, capacity 17085K, committed 17280K, reserved 1064960K
  class space    used 1580K, capacity 1638K, committed 1664K, reserved 1048576K
}
Event: 90.950 GC heap after
{Heap after GC invocations=14 (full 0):
 garbage-first heap   total 262144K, used 25410K [0x0000000701200000, 0x0000000800000000)
  region size 2048K, 2 young (4096K), 2 survivors (4096K)
 Metaspace       used 16973K, capacity 17085K, committed 17280K, reserved 1064960K
  class space    used 1580K, capacity 1638K, committed 1664K, reserved 1048576K
}
Event: 98.166 GC heap before
{Heap before GC invocations=14 (full 0):
 garbage-first heap   total 262144K, used 176962K [0x0000000701200000, 0x0000000800000000)
  region size 2048K, 76 young (155648K), 2 survivors (4096K)
 Metaspace       used 16973K, capacity 17085K, committed 17280K, reserved 1064960K
  class space    used 1580K, capacity 1638K, committed 1664K, reserved 1048576K
}
Event: 98.168 GC heap after
{Heap after GC invocations=15 (full 0):
 garbage-first heap   total 262144K, used 25479K [0x0000000701200000, 0x0000000800000000)
  region size 2048K, 2 young (4096K), 2 survivors (4096K)
 Metaspace       used 16973K, capacity 17085K, committed 17280K, reserved 1064960K
  class space    used 1580K, capacity 1638K, committed 1664K, reserved 1048576K
}
Event: 105.247 GC heap before
{Heap before GC invocations=15 (full 0):
 garbage-first heap   total 262144K, used 177031K [0x0000000701200000, 0x0000000800000000)
  region size 2048K, 76 young (155648K), 2 survivors (4096K)
 Metaspace       used 16973K, capacity 17085K, committed 17280K, reserved 1064960K
  class space    used 1580K, capacity 1638K, committed 1664K, reserved 1048576K
}
Event: 105.250 GC heap after
{Heap after GC invocations=16 (full 0):
 garbage-first heap   total 262144K, used 25774K [0x0000000701200000, 0x0000000800000000)
  region size 2048K, 1 young (2048K), 1 survivors (2048K)
 Metaspace       used 16973K, capacity 17085K, committed 17280K, reserved 1064960K
  class space    used 1580K, capacity 1638K, committed 1664K, reserved 1048576K
}
Event: 112.570 GC heap before
{Heap before GC invocations=16 (full 0):
 garbage-first heap   total 262144K, used 179374K [0x0000000701200000, 0x0000000800000000)
  region size 2048K, 76 young (155648K), 1 survivors (2048K)
 Metaspace       used 17022K, capacity 17149K, committed 17280K, reserved 1064960K
  class space    used 1581K, capacity 1638K, committed 1664K, reserved 1048576K
}
Event: 112.571 GC heap after
{Heap after GC invocations=17 (full 0):
 garbage-first heap   total 262144K, used 25683K [0x0000000701200000, 0x0000000800000000)
  region size 2048K, 1 young (2048K), 1 survivors (2048K)
 Metaspace       used 17022K, capacity 17149K, committed 17280K, reserved 1064960K
  class space    used 1581K, capacity 1638K, committed 1664K, reserved 1048576K
}

