# JRE version: OpenJDK Runtime Environment (15.0.2+7) (build 15.0.2+7-27)
# Java VM: OpenJDK 64-Bit Server VM (15.0.2+7-27, mixed mode, tiered, compressed oops, g1 gc, windows-amd64)
GC Precious Log:
 CPUs: 12 total, 12 available
 Memory: 16307M
 Large Page Support: Disabled
 NUMA Support: Disabled
 Compressed Oops: Enabled (Zero based)
 Heap Region Size: 2M
 Heap Min Capacity: 8M
 Heap Initial Capacity: 256M
 Heap Max Capacity: 4078M
 Pre-touch: Disabled
 Parallel Workers: 10
 Concurrent Workers: 3
 Concurrent Refinement Workers: 10
 Periodic GC: Disabled
Heap:
 garbage-first heap   total 262144K, used 35927K [0x0000000701200000, 0x0000000800000000)
  region size 2048K, 7 young (14336K), 1 survivors (2048K)
 Metaspace       used 17200K, capacity 17406K, committed 17536K, reserved 1064960K
  class space    used 1584K, capacity 1638K, committed 1664K, reserved 1048576K
GC Heap History (20 events):
Event: 375.137 GC heap before
{Heap before GC invocations=29 (full 0):
 garbage-first heap   total 262144K, used 179299K [0x0000000701200000, 0x0000000800000000)
  region size 2048K, 76 young (155648K), 1 survivors (2048K)
 Metaspace       used 17096K, capacity 17278K, committed 17536K, reserved 1064960K
  class space    used 1581K, capacity 1638K, committed 1664K, reserved 1048576K
}
Event: 375.137 GC heap after
{Heap after GC invocations=30 (full 0):
 garbage-first heap   total 262144K, used 25680K [0x0000000701200000, 0x0000000800000000)
  region size 2048K, 1 young (2048K), 1 survivors (2048K)
 Metaspace       used 17096K, capacity 17278K, committed 17536K, reserved 1064960K
  class space    used 1581K, capacity 1638K, committed 1664K, reserved 1048576K
}
Event: 381.059 GC heap before
{Heap before GC invocations=30 (full 0):
 garbage-first heap   total 262144K, used 179280K [0x0000000701200000, 0x0000000800000000)
  region size 2048K, 76 young (155648K), 1 survivors (2048K)
 Metaspace       used 17096K, capacity 17278K, committed 17536K, reserved 1064960K
  class space    used 1581K, capacity 1638K, committed 1664K, reserved 1048576K
}
Event: 381.060 GC heap after
{Heap after GC invocations=31 (full 0):
 garbage-first heap   total 262144K, used 25682K [0x0000000701200000, 0x0000000800000000)
  region size 2048K, 1 young (2048K), 1 survivors (2048K)
 Metaspace       used 17096K, capacity 17278K, committed 17536K, reserved 1064960K
  class space    used 1581K, capacity 1638K, committed 1664K, reserved 1048576K
}
Event: 385.003 GC heap before
{Heap before GC invocations=31 (full 0):
 garbage-first heap   total 262144K, used 179282K [0x0000000701200000, 0x0000000800000000)
  region size 2048K, 76 young (155648K), 1 survivors (2048K)
 Metaspace       used 17097K, capacity 17278K, committed 17536K, reserved 1064960K
  class space    used 1581K, capacity 1638K, committed 1664K, reserved 1048576K
}
Event: 385.003 GC heap after
{Heap after GC invocations=32 (full 0):
 garbage-first heap   total 262144K, used 25672K [0x0000000701200000, 0x0000000800000000)
  region size 2048K, 1 young (2048K), 1 survivors (2048K)
 Metaspace       used 17097K, capacity 17278K, committed 17536K, reserved 1064960K
  class space    used 1581K, capacity 1638K, committed 1664K, reserved 1048576K
}
Event: 390.709 GC heap before
{Heap before GC invocations=32 (full 0):
 garbage-first heap   total 262144K, used 179272K [0x0000000701200000, 0x0000000800000000)
  region size 2048K, 76 young (155648K), 1 survivors (2048K)
 Metaspace       used 17097K, capacity 17278K, committed 17536K, reserved 1064960K
  class space    used 1581K, capacity 1638K, committed 1664K, reserved 1048576K
}
Event: 390.710 GC heap after
{Heap after GC invocations=33 (full 0):
 garbage-first heap   total 262144K, used 25655K [0x0000000701200000, 0x0000000800000000)
  region size 2048K, 1 young (2048K), 1 survivors (2048K)
 Metaspace       used 17097K, capacity 17278K, committed 17536K, reserved 1064960K
  class space    used 1581K, capacity 1638K, committed 1664K, reserved 1048576K
}
Event: 398.587 GC heap before
{Heap before GC invocations=33 (full 0):
 garbage-first heap   total 262144K, used 179255K [0x0000000701200000, 0x0000000800000000)
  region size 2048K, 76 young (155648K), 1 survivors (2048K)
 Metaspace       used 17097K, capacity 17278K, committed 17536K, reserved 1064960K
  class space    used 1581K, capacity 1638K, committed 1664K, reserved 1048576K
}
Event: 398.587 GC heap after
{Heap after GC invocations=34 (full 0):
 garbage-first heap   total 262144K, used 25647K [0x0000000701200000, 0x0000000800000000)
  region size 2048K, 1 young (2048K), 1 survivors (2048K)
 Metaspace       used 17097K, capacity 17278K, committed 17536K, reserved 1064960K
  class space    used 1581K, capacity 1638K, committed 1664K, reserved 1048576K
}
Event: 407.485 GC heap before
{Heap before GC invocations=34 (full 0):
 garbage-first heap   total 262144K, used 179247K [0x0000000701200000, 0x0000000800000000)
  region size 2048K, 76 young (155648K), 1 survivors (2048K)
 Metaspace       used 17097K, capacity 17278K, committed 17536K, reserved 1064960K
  class space    used 1581K, capacity 1638K, committed 1664K, reserved 1048576K
}
Event: 407.486 GC heap after
{Heap after GC invocations=35 (full 0):
 garbage-first heap   total 262144K, used 25670K [0x0000000701200000, 0x0000000800000000)
  region size 2048K, 1 young (2048K), 1 survivors (2048K)
 Metaspace       used 17097K, capacity 17278K, committed 17536K, reserved 1064960K
  class space    used 1581K, capacity 1638K, committed 1664K, reserved 1048576K
}
Event: 417.137 GC heap before
{Heap before GC invocations=35 (full 0):
 garbage-first heap   total 262144K, used 179270K [0x0000000701200000, 0x0000000800000000)
  region size 2048K, 76 young (155648K), 1 survivors (2048K)
 Metaspace       used 17097K, capacity 17278K, committed 17536K, reserved 1064960K
  class space    used 1581K, capacity 1638K, committed 1664K, reserved 1048576K
}
Event: 417.138 GC heap after
{Heap after GC invocations=36 (full 0):
 garbage-first heap   total 262144K, used 25661K [0x0000000701200000, 0x0000000800000000)
  region size 2048K, 1 young (2048K), 1 survivors (2048K)
 Metaspace       used 17097K, capacity 17278K, committed 17536K, reserved 1064960K
  class space    used 1581K, capacity 1638K, committed 1664K, reserved 1048576K
}
Event: 426.809 GC heap before
{Heap before GC invocations=36 (full 0):
 garbage-first heap   total 262144K, used 179261K [0x0000000701200000, 0x0000000800000000)
  region size 2048K, 76 young (155648K), 1 survivors (2048K)
 Metaspace       used 17097K, capacity 17278K, committed 17536K, reserved 1064960K
  class space    used 1581K, capacity 1638K, committed 1664K, reserved 1048576K
}
Event: 426.809 GC heap after
{Heap after GC invocations=37 (full 0):
 garbage-first heap   total 262144K, used 25661K [0x0000000701200000, 0x0000000800000000)
  region size 2048K, 1 young (2048K), 1 survivors (2048K)
 Metaspace       used 17097K, capacity 17278K, committed 17536K, reserved 1064960K
  class space    used 1581K, capacity 1638K, committed 1664K, reserved 1048576K
}
Event: 436.460 GC heap before
{Heap before GC invocations=37 (full 0):
 garbage-first heap   total 262144K, used 179261K [0x0000000701200000, 0x0000000800000000)
  region size 2048K, 76 young (155648K), 1 survivors (2048K)
 Metaspace       used 17097K, capacity 17278K, committed 17536K, reserved 1064960K
  class space    used 1581K, capacity 1638K, committed 1664K, reserved 1048576K
}
Event: 436.461 GC heap after
{Heap after GC invocations=38 (full 0):
 garbage-first heap   total 262144K, used 25647K [0x0000000701200000, 0x0000000800000000)
  region size 2048K, 1 young (2048K), 1 survivors (2048K)
 Metaspace       used 17097K, capacity 17278K, committed 17536K, reserved 1064960K
  class space    used 1581K, capacity 1638K, committed 1664K, reserved 1048576K
}
Event: 489.843 GC heap before
{Heap before GC invocations=38 (full 0):
 garbage-first heap   total 262144K, used 179247K [0x0000000701200000, 0x0000000800000000)
  region size 2048K, 76 young (155648K), 1 survivors (2048K)
 Metaspace       used 17097K, capacity 17278K, committed 17536K, reserved 1064960K
  class space    used 1581K, capacity 1638K, committed 1664K, reserved 1048576K
}
Event: 489.844 GC heap after
{Heap after GC invocations=39 (full 0):
 garbage-first heap   total 262144K, used 25687K [0x0000000701200000, 0x0000000800000000)
  region size 2048K, 1 young (2048K), 1 survivors (2048K)
 Metaspace       used 17097K, capacity 17278K, committed 17536K, reserved 1064960K
  class space    used 1581K, capacity 1638K, committed 1664K, reserved 1048576K
}

