# JRE version: OpenJDK Runtime Environment (15.0.2+7) (build 15.0.2+7-27)
# Java VM: OpenJDK 64-Bit Server VM (15.0.2+7-27, mixed mode, tiered, compressed oops, g1 gc, windows-amd64)
GC Precious Log:
 CPUs: 12 total, 12 available
 Memory: 16307M
 Large Page Support: Disabled
 NUMA Support: Disabled
 Compressed Oops: Enabled (Zero based)
 Heap Region Size: 2M
 Heap Min Capacity: 8M
 Heap Initial Capacity: 256M
 Heap Max Capacity: 4078M
 Pre-touch: Disabled
 Parallel Workers: 10
 Concurrent Workers: 3
 Concurrent Refinement Workers: 10
 Periodic GC: Disabled
Heap:
 garbage-first heap   total 262144K, used 64621K [0x0000000701200000, 0x0000000800000000)
  region size 2048K, 21 young (43008K), 1 survivors (2048K)
 Metaspace       used 17127K, capacity 17281K, committed 17536K, reserved 1064960K
  class space    used 1579K, capacity 1639K, committed 1664K, reserved 1048576K
GC Heap History (20 events):
Event: 85.128 GC heap before
{Heap before GC invocations=17 (full 0):
 garbage-first heap   total 262144K, used 179324K [0x0000000701200000, 0x0000000800000000)
  region size 2048K, 76 young (155648K), 1 survivors (2048K)
 Metaspace       used 17000K, capacity 17214K, committed 17280K, reserved 1064960K
  class space    used 1576K, capacity 1638K, committed 1664K, reserved 1048576K
}
Event: 85.129 GC heap after
{Heap after GC invocations=18 (full 0):
 garbage-first heap   total 262144K, used 25672K [0x0000000701200000, 0x0000000800000000)
  region size 2048K, 1 young (2048K), 1 survivors (2048K)
 Metaspace       used 17000K, capacity 17214K, committed 17280K, reserved 1064960K
  class space    used 1576K, capacity 1638K, committed 1664K, reserved 1048576K
}
Event: 89.790 GC heap before
{Heap before GC invocations=18 (full 0):
 garbage-first heap   total 262144K, used 179272K [0x0000000701200000, 0x0000000800000000)
  region size 2048K, 76 young (155648K), 1 survivors (2048K)
 Metaspace       used 17000K, capacity 17214K, committed 17280K, reserved 1064960K
  class space    used 1576K, capacity 1638K, committed 1664K, reserved 1048576K
}
Event: 89.790 GC heap after
{Heap after GC invocations=19 (full 0):
 garbage-first heap   total 262144K, used 25694K [0x0000000701200000, 0x0000000800000000)
  region size 2048K, 1 young (2048K), 1 survivors (2048K)
 Metaspace       used 17000K, capacity 17214K, committed 17280K, reserved 1064960K
  class space    used 1576K, capacity 1638K, committed 1664K, reserved 1048576K
}
Event: 97.162 GC heap before
{Heap before GC invocations=19 (full 0):
 garbage-first heap   total 262144K, used 179294K [0x0000000701200000, 0x0000000800000000)
  region size 2048K, 76 young (155648K), 1 survivors (2048K)
 Metaspace       used 17044K, capacity 17217K, committed 17280K, reserved 1064960K
  class space    used 1577K, capacity 1639K, committed 1664K, reserved 1048576K
}
Event: 97.163 GC heap after
{Heap after GC invocations=20 (full 0):
 garbage-first heap   total 262144K, used 25745K [0x0000000701200000, 0x0000000800000000)
  region size 2048K, 1 young (2048K), 1 survivors (2048K)
 Metaspace       used 17044K, capacity 17217K, committed 17280K, reserved 1064960K
  class space    used 1577K, capacity 1639K, committed 1664K, reserved 1048576K
}
Event: 105.947 GC heap before
{Heap before GC invocations=20 (full 0):
 garbage-first heap   total 262144K, used 179345K [0x0000000701200000, 0x0000000800000000)
  region size 2048K, 76 young (155648K), 1 survivors (2048K)
 Metaspace       used 17044K, capacity 17217K, committed 17280K, reserved 1064960K
  class space    used 1577K, capacity 1639K, committed 1664K, reserved 1048576K
}
Event: 105.948 GC heap after
{Heap after GC invocations=21 (full 0):
 garbage-first heap   total 262144K, used 25747K [0x0000000701200000, 0x0000000800000000)
  region size 2048K, 1 young (2048K), 1 survivors (2048K)
 Metaspace       used 17044K, capacity 17217K, committed 17280K, reserved 1064960K
  class space    used 1577K, capacity 1639K, committed 1664K, reserved 1048576K
}
Event: 114.712 GC heap before
{Heap before GC invocations=21 (full 0):
 garbage-first heap   total 262144K, used 179347K [0x0000000701200000, 0x0000000800000000)
  region size 2048K, 76 young (155648K), 1 survivors (2048K)
 Metaspace       used 17044K, capacity 17217K, committed 17280K, reserved 1064960K
  class space    used 1577K, capacity 1639K, committed 1664K, reserved 1048576K
}
Event: 114.713 GC heap after
{Heap after GC invocations=22 (full 0):
 garbage-first heap   total 262144K, used 25693K [0x0000000701200000, 0x0000000800000000)
  region size 2048K, 1 young (2048K), 1 survivors (2048K)
 Metaspace       used 17044K, capacity 17217K, committed 17280K, reserved 1064960K
  class space    used 1577K, capacity 1639K, committed 1664K, reserved 1048576K
}
Event: 123.620 GC heap before
{Heap before GC invocations=22 (full 0):
 garbage-first heap   total 262144K, used 179293K [0x0000000701200000, 0x0000000800000000)
  region size 2048K, 76 young (155648K), 1 survivors (2048K)
 Metaspace       used 17044K, capacity 17217K, committed 17280K, reserved 1064960K
  class space    used 1577K, capacity 1639K, committed 1664K, reserved 1048576K
}
Event: 123.620 GC heap after
{Heap after GC invocations=23 (full 0):
 garbage-first heap   total 262144K, used 25703K [0x0000000701200000, 0x0000000800000000)
  region size 2048K, 1 young (2048K), 1 survivors (2048K)
 Metaspace       used 17044K, capacity 17217K, committed 17280K, reserved 1064960K
  class space    used 1577K, capacity 1639K, committed 1664K, reserved 1048576K
}
Event: 132.540 GC heap before
{Heap before GC invocations=23 (full 0):
 garbage-first heap   total 262144K, used 179303K [0x0000000701200000, 0x0000000800000000)
  region size 2048K, 76 young (155648K), 1 survivors (2048K)
 Metaspace       used 17086K, capacity 17217K, committed 17280K, reserved 1064960K
  class space    used 1578K, capacity 1639K, committed 1664K, reserved 1048576K
}
Event: 132.541 GC heap after
{Heap after GC invocations=24 (full 0):
 garbage-first heap   total 262144K, used 25699K [0x0000000701200000, 0x0000000800000000)
  region size 2048K, 1 young (2048K), 1 survivors (2048K)
 Metaspace       used 17086K, capacity 17217K, committed 17280K, reserved 1064960K
  class space    used 1578K, capacity 1639K, committed 1664K, reserved 1048576K
}
Event: 141.458 GC heap before
{Heap before GC invocations=24 (full 0):
 garbage-first heap   total 262144K, used 179299K [0x0000000701200000, 0x0000000800000000)
  region size 2048K, 76 young (155648K), 1 survivors (2048K)
 Metaspace       used 17086K, capacity 17217K, committed 17280K, reserved 1064960K
  class space    used 1578K, capacity 1639K, committed 1664K, reserved 1048576K
}
Event: 141.458 GC heap after
{Heap after GC invocations=25 (full 0):
 garbage-first heap   total 262144K, used 25708K [0x0000000701200000, 0x0000000800000000)
  region size 2048K, 1 young (2048K), 1 survivors (2048K)
 Metaspace       used 17086K, capacity 17217K, committed 17280K, reserved 1064960K
  class space    used 1578K, capacity 1639K, committed 1664K, reserved 1048576K
}
Event: 150.261 GC heap before
{Heap before GC invocations=25 (full 0):
 garbage-first heap   total 262144K, used 179308K [0x0000000701200000, 0x0000000800000000)
  region size 2048K, 76 young (155648K), 1 survivors (2048K)
 Metaspace       used 17086K, capacity 17217K, committed 17280K, reserved 1064960K
  class space    used 1578K, capacity 1639K, committed 1664K, reserved 1048576K
}
Event: 150.262 GC heap after
{Heap after GC invocations=26 (full 0):
 garbage-first heap   total 262144K, used 25722K [0x0000000701200000, 0x0000000800000000)
  region size 2048K, 1 young (2048K), 1 survivors (2048K)
 Metaspace       used 17086K, capacity 17217K, committed 17280K, reserved 1064960K
  class space    used 1578K, capacity 1639K, committed 1664K, reserved 1048576K
}
Event: 159.099 GC heap before
{Heap before GC invocations=26 (full 0):
 garbage-first heap   total 262144K, used 179322K [0x0000000701200000, 0x0000000800000000)
  region size 2048K, 76 young (155648K), 1 survivors (2048K)
 Metaspace       used 17086K, capacity 17217K, committed 17280K, reserved 1064960K
  class space    used 1578K, capacity 1639K, committed 1664K, reserved 1048576K
}
Event: 159.100 GC heap after
{Heap after GC invocations=27 (full 0):
 garbage-first heap   total 262144K, used 25709K [0x0000000701200000, 0x0000000800000000)
  region size 2048K, 1 young (2048K), 1 survivors (2048K)
 Metaspace       used 17086K, capacity 17217K, committed 17280K, reserved 1064960K
  class space    used 1578K, capacity 1639K, committed 1664K, reserved 1048576K
}

